Copyright 1986-2022 Xilinx, Inc. All Rights Reserved.
--------------------------------------------------------------------------------------------
| Tool Version : Vivado v.2022.1 (lin64) Build 3526262 Mon Apr 18 15:47:01 MDT 2022
| Date         : Mon Jul  4 13:57:13 2022
| Host         : graham-Parallels-Virtual-Platform running 64-bit Ubuntu 22.04 LTS
| Command      : report_qor_assessment -max_paths 100 -file opt_report_qor_assessment_0.rpt
| Design       : FPGA_CPU_32_bits
| Device       : xc7a100tcsg324-1
| Speed File   : -1
| Design State : Optimized
--------------------------------------------------------------------------------------------

Report QoR Assessment

Table of Contents
-----------------
1. Overall Assessment Summary
2. QoR Assessment Details
3. Methodology Check Details
4. ML Strategy Availability

1. Overall Assessment Summary
-----------------------------

+----------------------+--------------------------------------------------+
| QoR Assessment Score | 5 - Design runs will meet timing                 |
+----------------------+--------------------------------------------------+
| Flow Guidance        | Run report_methodology and fix or waive warnings |
|                      | Continue to route_design                         |
+----------------------+--------------------------------------------------+


2. QoR Assessment Details
-------------------------

+-------------+-----------+--------+------+-----------+--------+
| Name        | Threshold | Actual | Used | Available | Status |
+-------------+-----------+--------+------+-----------+--------+
| Utilization |           |        |      |           |     OK |
| Clocking    |           |        |      |           |        |
|   Hold Skew |     0.350 |  1.960 |   -  |        -  | REVIEW |
| Congestion  |           |        |      |           |     OK |
| Timing      |           |        |      |           |     OK |
+-------------+-----------+--------+------+-----------+--------+


3. Methodology Check Details
----------------------------

+-----------+----------------------------------+-------------+----------------------+
| ID        | Description                      | Criticality | Number of Violations |
+-----------+----------------------------------+-------------+----------------------+
| TIMING-10 | Missing property on synchronizer | Warning     | 1                    |
| TIMING-18 | Missing input or output delay    | Warning     | 54                   |
| TIMING-20 | Non-clocked latch                | Warning     | 6                    |
+-----------+----------------------------------+-------------+----------------------+


4. ML Strategy Availability
---------------------------

ML Strategy is not supported for 7-series architectures.

