Copyright 1986-2022 Xilinx, Inc. All Rights Reserved.
--------------------------------------------------------------------------------------------------------
| Tool Version : Vivado v.2022.1 (lin64) Build 3526262 Mon Apr 18 15:47:01 MDT 2022
| Date         : Wed Jun 22 14:47:32 2022
| Host         : graham-Parallels-Virtual-Platform running 64-bit Ubuntu 22.04 LTS
| Command      : report_qor_suggestions -max_paths 100 -file route_report_qor_suggestions_0.rpt
| Design       : FPGA_CPU_32_bits
| Device       : xc7a100t
| Design State : Routed
| ML Models    : v2020.1.0
--------------------------------------------------------------------------------------------------------

Report QoR Suggestions

Table of Contents
-----------------
1. QoR Suggestions Report Summary
2. ML Strategies
3. QoR Suggestions - Utilization
4. QoR Suggestions - Netlist

1. QoR Suggestions Report Summary
---------------------------------

+------------------+----------------+-----------+--------------+----------------+-----------+-------------+----------------------+------------------------------------------------------------------------------------------+-------------+
|       Name       |       Id       |   Status  | Generated At | Applicable For | Automatic |    Scope    | Incremental Friendly |                                        Description                                       |    Source   |
+------------------+----------------+-----------+--------------+----------------+-----------+-------------+----------------------+------------------------------------------------------------------------------------------+-------------+
| RQS_UTIL-12-1    | RQS_UTIL-12    | Generated | route_design | opt_design     | Yes       | GLOBALSCOPE | No                   | Remapping small SRL to Registers in the design.                                          | Current Run |
| RQS_UTIL-15-1    | RQS_UTIL-15    | Generated | route_design | synth_design   | Yes       | GLOBALSCOPE | No                   | Forward retime across Datapath Operators to reduce FF utilization.                       | Current Run |
| RQS_NETLIST-10-1 | RQS_NETLIST-10 | Generated | route_design | synth_design   | Yes       | GLOBALSCOPE | No                   | Rebalance timing paths by forward and backward retiming.                                 | Current Run |
+------------------+----------------+-----------+--------------+----------------+-----------+-------------+----------------------+------------------------------------------------------------------------------------------+-------------+
* No QoR suggestions are provided when the fully routed design is assessed to easily meet timing.


2. ML Strategies
----------------

+---+----+---------+---------+
| # | Id | Command | Options |
+---+----+---------+---------+
* The design is not compatible for suggesting strategy, as it was not run using vivado implementation default or vivado implementation explore strategy.


3. QoR Suggestions - Utilization
--------------------------------

+---------------+------------------------------------------------------------+-----------+--------+
|      Name     |                         Description                        | Hierarchy | Module |
+---------------+------------------------------------------------------------+-----------+--------+
| RQS_UTIL-12-1 | Remapping small SRL to Registers.                          | GLOBAL    | GLOBAL |
| RQS_UTIL-15-1 | Retime across Datapath operators to reduce FF utilization. | GLOBAL    | GLOBAL |
+---------------+------------------------------------------------------------+-----------+--------+


4. QoR Suggestions - Netlist
----------------------------

+------------------+-------------+--------------+--------+-------+--------+--------+--------+----------------+-------+--------+--------------+-------------------+-------------------------+--------------------------+
|       Name       | No of Paths | Logic Levels | Routes | Slack |  Req.  |  Skew  | Fanout | Datapath Delay | Cell% | Route% | Source Clock | Destination Clock |        Startpoint       |         Endpoint         |
+------------------+-------------+--------------+--------+-------+--------+--------+--------+----------------+-------+--------+--------------+-------------------+-------------------------+--------------------------+
| RQS_NETLIST-10-1 | 1           | 12           | 13     | 1.584 | 10.000 | -0.047 | -      | 8.306          | 32.10 | 67.90  | sys_clk_pin  | sys_clk_pin       | r_reg_2_reg[1]/C        | r_register_reg[2][19]/D  |
|                  | 1           | 13           | 13     | 1.897 | 10.000 | -0.294 | -      | 7.805          | 39.90 | 60.10  | sys_clk_pin  | sys_clk_pin       | r_register_reg[7][5]/C  | r_register_reg[4][28]/D  |
|                  | 1           | 12           | 13     | 1.312 | 10.000 | -0.047 | -      | 8.525          | 31.00 | 69.00  | sys_clk_pin  | sys_clk_pin       | r_reg_2_reg[1]/C        | r_register_reg[12][17]/D |
|                  | 1           | 12           | 13     | 1.585 | 10.000 | -0.291 | -      | 8.021          | 33.50 | 66.50  | sys_clk_pin  | sys_clk_pin       | r_register_reg[15][0]/C | r_register_reg[0][21]/D  |
|                  | 1           | 12           | 13     | 1.717 | 10.000 | -0.031 | -      | 8.135          | 32.70 | 67.30  | sys_clk_pin  | sys_clk_pin       | r_reg_2_reg[1]/C        | r_register_reg[3][19]/D  |
|                  | 1           | 12           | 13     | 1.231 | 10.000 | -0.047 | -      | 8.620          | 30.70 | 69.30  | sys_clk_pin  | sys_clk_pin       | r_reg_2_reg[1]/C        | r_register_reg[4][17]/D  |
|                  | 1           | 12           | 13     | 1.396 | 10.000 | -0.048 | -      | 8.440          | 31.60 | 68.40  | sys_clk_pin  | sys_clk_pin       | r_reg_2_reg[1]/C        | r_register_reg[1][19]/D  |
|                  | 1           | 12           | 13     | 1.509 | 10.000 | -0.044 | -      | 8.344          | 31.70 | 68.30  | sys_clk_pin  | sys_clk_pin       | r_reg_2_reg[1]/C        | r_register_reg[0][17]/D  |
|                  | 1           | 12           | 13     | 1.396 | 10.000 | -0.048 | -      | 8.440          | 31.60 | 68.40  | sys_clk_pin  | sys_clk_pin       | r_reg_2_reg[1]/C        | r_register_reg[1][19]/D  |
|                  | 1           | 12           | 13     | 1.500 | 10.000 | -0.046 | -      | 8.352          | 31.90 | 68.10  | sys_clk_pin  | sys_clk_pin       | r_reg_2_reg[1]/C        | r_register_reg[7][19]/D  |
|                  | 1           | 13           | 14     | 1.929 | 10.000 | -0.296 | -      | 7.769          | 38.00 | 62.00  | sys_clk_pin  | sys_clk_pin       | r_register_reg[7][5]/C  | r_register_reg[15][31]/D |
|                  | 1           | 12           | 13     | 1.351 | 10.000 | -0.047 | -      | 8.499          | 31.10 | 68.90  | sys_clk_pin  | sys_clk_pin       | r_reg_2_reg[1]/C        | r_register_reg[11][17]/D |
|                  | 1           | 13           | 13     | 1.187 | 10.000 | -0.293 | -      | 8.427          | 37.00 | 63.00  | sys_clk_pin  | sys_clk_pin       | r_register_reg[7][5]/C  | r_register_reg[8][28]/D  |
|                  | 1           | 13           | 13     | 1.282 | 10.000 | -0.293 | -      | 8.362          | 37.30 | 62.70  | sys_clk_pin  | sys_clk_pin       | r_register_reg[7][5]/C  | r_register_reg[15][28]/D |
|                  | 1           | 12           | 13     | 1.459 | 10.000 | -0.293 | -      | 8.181          | 32.80 | 67.20  | sys_clk_pin  | sys_clk_pin       | r_register_reg[15][0]/C | r_register_reg[12][21]/D |
|                  | 1           | 13           | 13     | 1.279 | 10.000 | -0.299 | -      | 8.320          | 37.70 | 62.30  | sys_clk_pin  | sys_clk_pin       | r_register_reg[7][5]/C  | r_register_reg[9][30]/D  |
|                  | 1           | 13           | 13     | 1.265 | 10.000 | -0.299 | -      | 8.373          | 37.50 | 62.50  | sys_clk_pin  | sys_clk_pin       | r_register_reg[7][5]/C  | r_register_reg[13][30]/D |
|                  | 1           | 13           | 13     | 1.252 | 10.000 | -0.293 | -      | 8.362          | 37.30 | 62.70  | sys_clk_pin  | sys_clk_pin       | r_register_reg[7][5]/C  | r_register_reg[5][28]/D  |
|                  | 1           | 12           | 13     | 1.556 | 10.000 | -0.287 | -      | 8.055          | 31.90 | 68.10  | sys_clk_pin  | sys_clk_pin       | r_register_reg[15][0]/C | r_register_reg[1][20]/D  |
|                  | 1           | 12           | 13     | 1.538 | 10.000 | -0.032 | -      | 8.328          | 31.70 | 68.30  | sys_clk_pin  | sys_clk_pin       | r_reg_2_reg[1]/C        | r_register_reg[5][17]/D  |
|                  | 1           | 13           | 13     | 1.285 | 10.000 | -0.302 | -      | 8.350          | 37.60 | 62.40  | sys_clk_pin  | sys_clk_pin       | r_register_reg[7][5]/C  | r_register_reg[12][30]/D |
|                  | 1           | 12           | 13     | 1.231 | 10.000 | -0.047 | -      | 8.620          | 30.70 | 69.30  | sys_clk_pin  | sys_clk_pin       | r_reg_2_reg[1]/C        | r_register_reg[4][17]/D  |
|                  | 1           | 12           | 13     | 1.294 | 10.000 | -0.291 | -      | 8.313          | 32.30 | 67.70  | sys_clk_pin  | sys_clk_pin       | r_register_reg[15][0]/C | r_register_reg[11][21]/D |
|                  | 1           | 12           | 13     | 1.760 | 10.000 | -0.286 | -      | 7.860          | 32.70 | 67.30  | sys_clk_pin  | sys_clk_pin       | r_register_reg[15][0]/C | r_register_reg[7][20]/D  |
|                  | 1           | 13           | 13     | 1.302 | 10.000 | -0.292 | -      | 8.323          | 37.40 | 62.60  | sys_clk_pin  | sys_clk_pin       | r_register_reg[7][5]/C  | r_register_reg[1][28]/D  |
|                  | 1           | 12           | 13     | 1.694 | 10.000 | -0.047 | -      | 8.143          | 32.70 | 67.30  | sys_clk_pin  | sys_clk_pin       | r_reg_2_reg[1]/C        | r_register_reg[4][19]/D  |
|                  | 1           | 12           | 13     | 1.581 | 10.000 | -0.031 | -      | 8.271          | 32.20 | 67.80  | sys_clk_pin  | sys_clk_pin       | r_reg_2_reg[1]/C        | r_register_reg[15][19]/D |
|                  | 1           | 12           | 13     | 1.204 | 10.000 | -0.047 | -      | 8.646          | 30.60 | 69.40  | sys_clk_pin  | sys_clk_pin       | r_reg_2_reg[1]/C        | r_register_reg[7][17]/D  |
|                  | 1           | 13           | 13     | 0.900 | 10.000 | -0.294 | -      | 8.743          | 35.60 | 64.40  | sys_clk_pin  | sys_clk_pin       | r_register_reg[7][5]/C  | r_register_reg[2][28]/D  |
|                  | 1           | 13           | 13     | 1.277 | 10.000 | -0.299 | -      | 8.322          | 37.70 | 62.30  | sys_clk_pin  | sys_clk_pin       | r_register_reg[7][5]/C  | r_register_reg[14][30]/D |
|                  | 1           | 13           | 13     | 1.285 | 10.000 | -0.302 | -      | 8.350          | 37.60 | 62.40  | sys_clk_pin  | sys_clk_pin       | r_register_reg[7][5]/C  | r_register_reg[12][30]/D |
|                  | 1           | 12           | 13     | 1.717 | 10.000 | -0.031 | -      | 8.135          | 32.70 | 67.30  | sys_clk_pin  | sys_clk_pin       | r_reg_2_reg[1]/C        | r_register_reg[3][19]/D  |
|                  | 1           | 12           | 13     | 1.621 | 10.000 | -0.030 | -      | 8.282          | 32.20 | 67.80  | sys_clk_pin  | sys_clk_pin       | r_reg_2_reg[1]/C        | r_register_reg[6][19]/D  |
|                  | 1           | 12           | 13     | 1.509 | 10.000 | -0.044 | -      | 8.344          | 31.70 | 68.30  | sys_clk_pin  | sys_clk_pin       | r_reg_2_reg[1]/C        | r_register_reg[0][17]/D  |
|                  | 1           | 12           | 13     | 1.371 | 10.000 | -0.046 | -      | 8.481          | 31.20 | 68.80  | sys_clk_pin  | sys_clk_pin       | r_reg_2_reg[1]/C        | r_register_reg[14][17]/D |
|                  | 1           | 12           | 13     | 1.519 | 10.000 | -0.287 | -      | 8.078          | 31.80 | 68.20  | sys_clk_pin  | sys_clk_pin       | r_register_reg[15][0]/C | r_register_reg[2][20]/D  |
|                  | 1           | 12           | 13     | 1.396 | 10.000 | -0.048 | -      | 8.440          | 31.60 | 68.40  | sys_clk_pin  | sys_clk_pin       | r_reg_2_reg[1]/C        | r_register_reg[1][19]/D  |
|                  | 1           | 12           | 13     | 1.584 | 10.000 | -0.047 | -      | 8.306          | 32.10 | 67.90  | sys_clk_pin  | sys_clk_pin       | r_reg_2_reg[1]/C        | r_register_reg[2][19]/D  |
|                  | 1           | 13           | 13     | 1.193 | 10.000 | -0.296 | -      | 8.415          | 37.30 | 62.70  | sys_clk_pin  | sys_clk_pin       | r_register_reg[7][5]/C  | r_register_reg[10][30]/D |
|                  | 1           | 13           | 13     | 1.474 | 10.000 | -0.295 | -      | 8.167          | 38.10 | 61.90  | sys_clk_pin  | sys_clk_pin       | r_register_reg[7][5]/C  | r_register_reg[3][28]/D  |
|                  | 1           | 12           | 13     | 1.354 | 10.000 | -0.045 | -      | 8.498          | 31.10 | 68.90  | sys_clk_pin  | sys_clk_pin       | r_reg_2_reg[1]/C        | r_register_reg[8][17]/D  |
|                  | 1           | 12           | 13     | 2.496 | 10.000 | -0.299 | -      | 7.198          | 38.50 | 61.50  | sys_clk_pin  | sys_clk_pin       | r_PC_reg[2]/C           | r_PC_reg[29]/D           |
|                  | 1           | 12           | 13     | 1.571 | 10.000 | -0.291 | -      | 8.021          | 33.50 | 66.50  | sys_clk_pin  | sys_clk_pin       | r_register_reg[15][0]/C | r_register_reg[14][21]/D |
|                  | 1           | 12           | 13     | 1.405 | 10.000 | -0.048 | -      | 8.480          | 31.20 | 68.80  | sys_clk_pin  | sys_clk_pin       | r_reg_2_reg[1]/C        | r_register_reg[6][17]/D  |
|                  | 1           | 13           | 13     | 1.193 | 10.000 | -0.296 | -      | 8.415          | 37.30 | 62.70  | sys_clk_pin  | sys_clk_pin       | r_register_reg[7][5]/C  | r_register_reg[10][30]/D |
|                  | 1           | 12           | 13     | 1.294 | 10.000 | -0.291 | -      | 8.313          | 32.30 | 67.70  | sys_clk_pin  | sys_clk_pin       | r_register_reg[15][0]/C | r_register_reg[11][21]/D |
|                  | 1           | 12           | 13     | 1.519 | 10.000 | -0.287 | -      | 8.078          | 31.80 | 68.20  | sys_clk_pin  | sys_clk_pin       | r_register_reg[15][0]/C | r_register_reg[2][20]/D  |
|                  | 1           | 12           | 13     | 1.605 | 10.000 | -0.286 | -      | 8.007          | 32.10 | 67.90  | sys_clk_pin  | sys_clk_pin       | r_register_reg[15][0]/C | r_register_reg[8][20]/D  |
|                  | 1           | 12           | 13     | 1.556 | 10.000 | -0.287 | -      | 8.055          | 31.90 | 68.10  | sys_clk_pin  | sys_clk_pin       | r_register_reg[15][0]/C | r_register_reg[1][20]/D  |
|                  | 1           | 12           | 13     | 1.605 | 10.000 | -0.286 | -      | 8.007          | 32.10 | 67.90  | sys_clk_pin  | sys_clk_pin       | r_register_reg[15][0]/C | r_register_reg[8][20]/D  |
|                  | 1           | 12           | 13     | 1.250 | 10.000 | -0.031 | -      | 8.637          | 30.60 | 69.40  | sys_clk_pin  | sys_clk_pin       | r_reg_2_reg[1]/C        | r_register_reg[13][17]/D |
|                  | 1           | 12           | 13     | 1.204 | 10.000 | -0.047 | -      | 8.646          | 30.60 | 69.40  | sys_clk_pin  | sys_clk_pin       | r_reg_2_reg[1]/C        | r_register_reg[7][17]/D  |
|                  | 1           | 12           | 13     | 1.500 | 10.000 | -0.046 | -      | 8.352          | 31.60 | 68.40  | sys_clk_pin  | sys_clk_pin       | r_reg_2_reg[1]/C        | r_register_reg[10][17]/D |
|                  | 1           | 12           | 13     | 1.585 | 10.000 | -0.030 | -      | 8.282          | 32.20 | 67.80  | sys_clk_pin  | sys_clk_pin       | r_reg_2_reg[1]/C        | r_register_reg[5][19]/D  |
|                  | 1           | 12           | 13     | 1.581 | 10.000 | -0.031 | -      | 8.271          | 32.20 | 67.80  | sys_clk_pin  | sys_clk_pin       | r_reg_2_reg[1]/C        | r_register_reg[15][19]/D |
|                  | 1           | 13           | 13     | 1.265 | 10.000 | -0.299 | -      | 8.373          | 37.50 | 62.50  | sys_clk_pin  | sys_clk_pin       | r_register_reg[7][5]/C  | r_register_reg[13][30]/D |
|                  | 1           | 12           | 13     | 1.571 | 10.000 | -0.291 | -      | 8.021          | 33.50 | 66.50  | sys_clk_pin  | sys_clk_pin       | r_register_reg[15][0]/C | r_register_reg[14][21]/D |
|                  | 1           | 13           | 13     | 1.302 | 10.000 | -0.292 | -      | 8.323          | 37.40 | 62.60  | sys_clk_pin  | sys_clk_pin       | r_register_reg[7][5]/C  | r_register_reg[1][28]/D  |
|                  | 1           | 13           | 13     | 1.474 | 10.000 | -0.295 | -      | 8.167          | 38.10 | 61.90  | sys_clk_pin  | sys_clk_pin       | r_register_reg[7][5]/C  | r_register_reg[3][28]/D  |
|                  | 1           | 12           | 13     | 1.459 | 10.000 | -0.293 | -      | 8.181          | 32.80 | 67.20  | sys_clk_pin  | sys_clk_pin       | r_register_reg[15][0]/C | r_register_reg[12][21]/D |
|                  | 1           | 12           | 13     | 1.626 | 10.000 | -0.287 | -      | 8.006          | 32.10 | 67.90  | sys_clk_pin  | sys_clk_pin       | r_register_reg[15][0]/C | r_register_reg[4][20]/D  |
|                  | 1           | 12           | 13     | 1.436 | 10.000 | -0.045 | -      | 8.453          | 31.30 | 68.70  | sys_clk_pin  | sys_clk_pin       | r_reg_2_reg[1]/C        | r_register_reg[3][17]/D  |
|                  | 1           | 12           | 13     | 1.351 | 10.000 | -0.047 | -      | 8.499          | 31.10 | 68.90  | sys_clk_pin  | sys_clk_pin       | r_reg_2_reg[1]/C        | r_register_reg[11][17]/D |
|                  | 1           | 12           | 13     | 1.571 | 10.000 | -0.291 | -      | 8.021          | 33.50 | 66.50  | sys_clk_pin  | sys_clk_pin       | r_register_reg[15][0]/C | r_register_reg[9][21]/D  |
|                  | 1           | 14           | 15     | 0.531 | 10.000 | -0.295 | -      | 9.071          | 29.90 | 70.10  | sys_clk_pin  | sys_clk_pin       | r_register_reg[6][7]/C  | r_zero_flag_reg/D        |
|                  | 1           | 12           | 13     | 1.585 | 10.000 | -0.030 | -      | 8.282          | 32.20 | 67.80  | sys_clk_pin  | sys_clk_pin       | r_reg_2_reg[1]/C        | r_register_reg[5][19]/D  |
|                  | 1           | 12           | 13     | 1.381 | 10.000 | -0.047 | -      | 8.470          | 31.20 | 68.80  | sys_clk_pin  | sys_clk_pin       | r_reg_2_reg[1]/C        | r_register_reg[15][17]/D |
|                  | 1           | 12           | 13     | 1.519 | 10.000 | -0.287 | -      | 8.078          | 31.80 | 68.20  | sys_clk_pin  | sys_clk_pin       | r_register_reg[15][0]/C | r_register_reg[2][20]/D  |
|                  | 1           | 13           | 14     | 1.929 | 10.000 | -0.296 | -      | 7.769          | 38.00 | 62.00  | sys_clk_pin  | sys_clk_pin       | r_register_reg[7][5]/C  | r_register_reg[15][31]/D |
|                  | 1           | 13           | 13     | 1.252 | 10.000 | -0.293 | -      | 8.362          | 37.30 | 62.70  | sys_clk_pin  | sys_clk_pin       | r_register_reg[7][5]/C  | r_register_reg[5][28]/D  |
|                  | 1           | 12           | 13     | 1.509 | 10.000 | -0.044 | -      | 8.344          | 31.70 | 68.30  | sys_clk_pin  | sys_clk_pin       | r_reg_2_reg[1]/C        | r_register_reg[0][17]/D  |
|                  | 1           | 12           | 13     | 1.431 | 10.000 | -0.287 | -      | 8.216          | 31.30 | 68.70  | sys_clk_pin  | sys_clk_pin       | r_register_reg[15][0]/C | r_register_reg[6][20]/D  |
|                  | 1           | 13           | 13     | 1.277 | 10.000 | -0.299 | -      | 8.322          | 37.70 | 62.30  | sys_clk_pin  | sys_clk_pin       | r_register_reg[7][5]/C  | r_register_reg[14][30]/D |
|                  | 1           | 12           | 13     | 1.405 | 10.000 | -0.048 | -      | 8.480          | 31.20 | 68.80  | sys_clk_pin  | sys_clk_pin       | r_reg_2_reg[1]/C        | r_register_reg[6][17]/D  |
|                  | 1           | 13           | 13     | 1.279 | 10.000 | -0.299 | -      | 8.320          | 37.70 | 62.30  | sys_clk_pin  | sys_clk_pin       | r_register_reg[7][5]/C  | r_register_reg[9][30]/D  |
|                  | 1           | 12           | 13     | 1.354 | 10.000 | -0.045 | -      | 8.498          | 31.10 | 68.90  | sys_clk_pin  | sys_clk_pin       | r_reg_2_reg[1]/C        | r_register_reg[8][17]/D  |
|                  | 1           | 12           | 13     | 1.231 | 10.000 | -0.047 | -      | 8.620          | 30.70 | 69.30  | sys_clk_pin  | sys_clk_pin       | r_reg_2_reg[1]/C        | r_register_reg[4][17]/D  |
|                  | 1           | 13           | 13     | 1.282 | 10.000 | -0.293 | -      | 8.362          | 37.30 | 62.70  | sys_clk_pin  | sys_clk_pin       | r_register_reg[7][5]/C  | r_register_reg[15][28]/D |
|                  | 1           | 12           | 13     | 1.294 | 10.000 | -0.291 | -      | 8.313          | 32.30 | 67.70  | sys_clk_pin  | sys_clk_pin       | r_register_reg[15][0]/C | r_register_reg[11][21]/D |
|                  | 1           | 12           | 13     | 1.581 | 10.000 | -0.031 | -      | 8.271          | 32.20 | 67.80  | sys_clk_pin  | sys_clk_pin       | r_reg_2_reg[1]/C        | r_register_reg[15][19]/D |
|                  | 1           | 12           | 13     | 1.586 | 10.000 | -0.046 | -      | 8.266          | 32.20 | 67.80  | sys_clk_pin  | sys_clk_pin       | r_reg_2_reg[1]/C        | r_register_reg[8][19]/D  |
|                  | 1           | 12           | 13     | 1.435 | 10.000 | -0.291 | -      | 8.211          | 32.70 | 67.30  | sys_clk_pin  | sys_clk_pin       | r_register_reg[15][0]/C | r_register_reg[13][21]/D |
|                  | 1           | 12           | 13     | 1.500 | 10.000 | -0.046 | -      | 8.352          | 31.60 | 68.40  | sys_clk_pin  | sys_clk_pin       | r_reg_2_reg[1]/C        | r_register_reg[10][17]/D |
|                  | 1           | 13           | 13     | 0.900 | 10.000 | -0.294 | -      | 8.743          | 35.60 | 64.40  | sys_clk_pin  | sys_clk_pin       | r_register_reg[7][5]/C  | r_register_reg[2][28]/D  |
|                  | 1           | 12           | 13     | 1.435 | 10.000 | -0.291 | -      | 8.211          | 32.70 | 67.30  | sys_clk_pin  | sys_clk_pin       | r_register_reg[15][0]/C | r_register_reg[13][21]/D |
|                  | 1           | 13           | 13     | 1.277 | 10.000 | -0.299 | -      | 8.322          | 37.70 | 62.30  | sys_clk_pin  | sys_clk_pin       | r_register_reg[7][5]/C  | r_register_reg[14][30]/D |
|                  | 1           | 12           | 13     | 1.302 | 10.000 | -0.291 | -      | 8.304          | 32.30 | 67.70  | sys_clk_pin  | sys_clk_pin       | r_register_reg[15][0]/C | r_register_reg[10][21]/D |
|                  | 1           | 12           | 13     | 1.436 | 10.000 | -0.045 | -      | 8.453          | 31.30 | 68.70  | sys_clk_pin  | sys_clk_pin       | r_reg_2_reg[1]/C        | r_register_reg[3][17]/D  |
|                  | 1           | 12           | 13     | 1.538 | 10.000 | -0.032 | -      | 8.328          | 31.70 | 68.30  | sys_clk_pin  | sys_clk_pin       | r_reg_2_reg[1]/C        | r_register_reg[5][17]/D  |
|                  | 1           | 12           | 13     | 1.312 | 10.000 | -0.047 | -      | 8.525          | 31.00 | 69.00  | sys_clk_pin  | sys_clk_pin       | r_reg_2_reg[1]/C        | r_register_reg[12][17]/D |
|                  | 1           | 12           | 13     | 1.312 | 10.000 | -0.047 | -      | 8.525          | 31.00 | 69.00  | sys_clk_pin  | sys_clk_pin       | r_reg_2_reg[1]/C        | r_register_reg[12][17]/D |
|                  | 1           | 12           | 13     | 1.344 | 10.000 | -0.045 | -      | 8.509          | 31.10 | 68.90  | sys_clk_pin  | sys_clk_pin       | r_reg_2_reg[1]/C        | r_register_reg[1][17]/D  |
|                  | 1           | 12           | 13     | 1.556 | 10.000 | -0.047 | -      | 8.331          | 31.70 | 68.30  | sys_clk_pin  | sys_clk_pin       | r_reg_2_reg[1]/C        | r_register_reg[2][17]/D  |
|                  | 1           | 14           | 15     | 0.531 | 10.000 | -0.295 | -      | 9.071          | 29.90 | 70.10  | sys_clk_pin  | sys_clk_pin       | r_register_reg[6][7]/C  | r_zero_flag_reg/D        |
|                  | 1           | 12           | 13     | 1.585 | 10.000 | -0.291 | -      | 8.021          | 33.50 | 66.50  | sys_clk_pin  | sys_clk_pin       | r_register_reg[15][0]/C | r_register_reg[0][21]/D  |
|                  | 1           | 13           | 13     | 1.265 | 10.000 | -0.299 | -      | 8.373          | 37.50 | 62.50  | sys_clk_pin  | sys_clk_pin       | r_register_reg[7][5]/C  | r_register_reg[13][30]/D |
|                  | 1           | 12           | 13     | 1.381 | 10.000 | -0.047 | -      | 8.470          | 31.20 | 68.80  | sys_clk_pin  | sys_clk_pin       | r_reg_2_reg[1]/C        | r_register_reg[15][17]/D |
|                  | 1           | 12           | 13     | 1.250 | 10.000 | -0.031 | -      | 8.637          | 30.60 | 69.40  | sys_clk_pin  | sys_clk_pin       | r_reg_2_reg[1]/C        | r_register_reg[13][17]/D |
|                  | 1           | 13           | 13     | 1.286 | 10.000 | -0.295 | -      | 8.323          | 37.70 | 62.30  | sys_clk_pin  | sys_clk_pin       | r_register_reg[7][5]/C  | r_register_reg[0][30]/D  |
|                  | 1           | 13           | 13     | 1.382 | 10.000 | -0.296 | -      | 8.225          | 38.20 | 61.80  | sys_clk_pin  | sys_clk_pin       | r_register_reg[7][5]/C  | r_register_reg[11][30]/D |
|                  | 1           | 12           | 13     | 1.520 | 10.000 | -0.287 | -      | 8.077          | 31.80 | 68.20  | sys_clk_pin  | sys_clk_pin       | r_register_reg[15][0]/C | r_register_reg[5][20]/D  |
|                  | 1           | 12           | 13     | 1.556 | 10.000 | -0.287 | -      | 8.055          | 31.90 | 68.10  | sys_clk_pin  | sys_clk_pin       | r_register_reg[15][0]/C | r_register_reg[1][20]/D  |
|                  | 1           | 12           | 13     | 1.586 | 10.000 | -0.046 | -      | 8.266          | 32.20 | 67.80  | sys_clk_pin  | sys_clk_pin       | r_reg_2_reg[1]/C        | r_register_reg[8][19]/D  |
|                  | 1           | 12           | 13     | 1.371 | 10.000 | -0.046 | -      | 8.481          | 31.20 | 68.80  | sys_clk_pin  | sys_clk_pin       | r_reg_2_reg[1]/C        | r_register_reg[14][17]/D |
|                  | 1           | 13           | 13     | 1.282 | 10.000 | -0.293 | -      | 8.362          | 37.30 | 62.70  | sys_clk_pin  | sys_clk_pin       | r_register_reg[7][5]/C  | r_register_reg[15][28]/D |
|                  | 1           | 12           | 13     | 2.496 | 10.000 | -0.299 | -      | 7.198          | 38.50 | 61.50  | sys_clk_pin  | sys_clk_pin       | r_PC_reg[2]/C           | r_PC_reg[29]/D           |
|                  | 1           | 12           | 13     | 1.538 | 10.000 | -0.032 | -      | 8.328          | 31.70 | 68.30  | sys_clk_pin  | sys_clk_pin       | r_reg_2_reg[1]/C        | r_register_reg[5][17]/D  |
|                  | 1           | 13           | 14     | 1.929 | 10.000 | -0.296 | -      | 7.769          | 38.00 | 62.00  | sys_clk_pin  | sys_clk_pin       | r_register_reg[7][5]/C  | r_register_reg[15][31]/D |
|                  | 1           | 12           | 13     | 1.556 | 10.000 | -0.047 | -      | 8.331          | 31.70 | 68.30  | sys_clk_pin  | sys_clk_pin       | r_reg_2_reg[1]/C        | r_register_reg[2][17]/D  |
|                  | 1           | 12           | 13     | 1.621 | 10.000 | -0.030 | -      | 8.282          | 32.20 | 67.80  | sys_clk_pin  | sys_clk_pin       | r_reg_2_reg[1]/C        | r_register_reg[6][19]/D  |
|                  | 1           | 12           | 13     | 1.403 | 10.000 | -0.286 | -      | 8.209          | 31.30 | 68.70  | sys_clk_pin  | sys_clk_pin       | r_register_reg[15][0]/C | r_register_reg[15][20]/D |
|                  | 1           | 12           | 13     | 1.584 | 10.000 | -0.047 | -      | 8.306          | 32.10 | 67.90  | sys_clk_pin  | sys_clk_pin       | r_reg_2_reg[1]/C        | r_register_reg[2][19]/D  |
|                  | 1           | 12           | 13     | 1.405 | 10.000 | -0.048 | -      | 8.480          | 31.20 | 68.80  | sys_clk_pin  | sys_clk_pin       | r_reg_2_reg[1]/C        | r_register_reg[6][17]/D  |
|                  | 1           | 12           | 13     | 1.445 | 10.000 | -0.046 | -      | 8.443          | 31.30 | 68.70  | sys_clk_pin  | sys_clk_pin       | r_reg_2_reg[1]/C        | r_register_reg[9][17]/D  |
|                  | 1           | 12           | 13     | 1.344 | 10.000 | -0.045 | -      | 8.509          | 31.10 | 68.90  | sys_clk_pin  | sys_clk_pin       | r_reg_2_reg[1]/C        | r_register_reg[1][17]/D  |
|                  | 1           | 12           | 13     | 1.435 | 10.000 | -0.291 | -      | 8.211          | 32.70 | 67.30  | sys_clk_pin  | sys_clk_pin       | r_register_reg[15][0]/C | r_register_reg[13][21]/D |
|                  | 1           | 13           | 13     | 1.382 | 10.000 | -0.296 | -      | 8.225          | 38.20 | 61.80  | sys_clk_pin  | sys_clk_pin       | r_register_reg[7][5]/C  | r_register_reg[11][30]/D |
|                  | 1           | 12           | 13     | 1.445 | 10.000 | -0.046 | -      | 8.443          | 31.30 | 68.70  | sys_clk_pin  | sys_clk_pin       | r_reg_2_reg[1]/C        | r_register_reg[9][17]/D  |
|                  | 1           | 12           | 13     | 1.500 | 10.000 | -0.046 | -      | 8.352          | 31.90 | 68.10  | sys_clk_pin  | sys_clk_pin       | r_reg_2_reg[1]/C        | r_register_reg[7][19]/D  |
|                  | 1           | 12           | 13     | 1.626 | 10.000 | -0.287 | -      | 8.006          | 32.10 | 67.90  | sys_clk_pin  | sys_clk_pin       | r_register_reg[15][0]/C | r_register_reg[4][20]/D  |
|                  | 1           | 12           | 13     | 1.436 | 10.000 | -0.045 | -      | 8.453          | 31.30 | 68.70  | sys_clk_pin  | sys_clk_pin       | r_reg_2_reg[1]/C        | r_register_reg[3][17]/D  |
|                  | 1           | 12           | 13     | 1.354 | 10.000 | -0.045 | -      | 8.498          | 31.10 | 68.90  | sys_clk_pin  | sys_clk_pin       | r_reg_2_reg[1]/C        | r_register_reg[8][17]/D  |
|                  | 1           | 13           | 13     | 1.187 | 10.000 | -0.293 | -      | 8.427          | 37.00 | 63.00  | sys_clk_pin  | sys_clk_pin       | r_register_reg[7][5]/C  | r_register_reg[8][28]/D  |
|                  | 1           | 12           | 13     | 1.520 | 10.000 | -0.287 | -      | 8.077          | 31.80 | 68.20  | sys_clk_pin  | sys_clk_pin       | r_register_reg[15][0]/C | r_register_reg[5][20]/D  |
|                  | 1           | 12           | 13     | 1.610 | 10.000 | -0.288 | -      | 8.021          | 32.10 | 67.90  | sys_clk_pin  | sys_clk_pin       | r_register_reg[15][0]/C | r_register_reg[3][20]/D  |
|                  | 1           | 14           | 15     | 0.531 | 10.000 | -0.295 | -      | 9.071          | 29.90 | 70.10  | sys_clk_pin  | sys_clk_pin       | r_register_reg[6][7]/C  | r_zero_flag_reg/D        |
|                  | 1           | 13           | 13     | 1.286 | 10.000 | -0.295 | -      | 8.323          | 37.70 | 62.30  | sys_clk_pin  | sys_clk_pin       | r_register_reg[7][5]/C  | r_register_reg[0][30]/D  |
|                  | 1           | 12           | 13     | 1.760 | 10.000 | -0.286 | -      | 7.860          | 32.70 | 67.30  | sys_clk_pin  | sys_clk_pin       | r_register_reg[15][0]/C | r_register_reg[7][20]/D  |
|                  | 1           | 13           | 13     | 1.428 | 10.000 | -0.295 | -      | 8.161          | 38.20 | 61.80  | sys_clk_pin  | sys_clk_pin       | r_register_reg[7][5]/C  | r_register_reg[6][28]/D  |
|                  | 1           | 12           | 13     | 1.586 | 10.000 | -0.046 | -      | 8.266          | 32.20 | 67.80  | sys_clk_pin  | sys_clk_pin       | r_reg_2_reg[1]/C        | r_register_reg[8][19]/D  |
|                  | 1           | 12           | 13     | 1.571 | 10.000 | -0.291 | -      | 8.021          | 33.50 | 66.50  | sys_clk_pin  | sys_clk_pin       | r_register_reg[15][0]/C | r_register_reg[14][21]/D |
|                  | 1           | 12           | 13     | 1.403 | 10.000 | -0.286 | -      | 8.209          | 31.30 | 68.70  | sys_clk_pin  | sys_clk_pin       | r_register_reg[15][0]/C | r_register_reg[15][20]/D |
|                  | 1           | 13           | 13     | 1.334 | 10.000 | -0.294 | -      | 8.279          | 37.60 | 62.40  | sys_clk_pin  | sys_clk_pin       | r_register_reg[7][5]/C  | r_register_reg[7][28]/D  |
|                  | 1           | 13           | 13     | 1.382 | 10.000 | -0.296 | -      | 8.225          | 38.20 | 61.80  | sys_clk_pin  | sys_clk_pin       | r_register_reg[7][5]/C  | r_register_reg[11][30]/D |
|                  | 1           | 13           | 13     | 1.252 | 10.000 | -0.293 | -      | 8.362          | 37.30 | 62.70  | sys_clk_pin  | sys_clk_pin       | r_register_reg[7][5]/C  | r_register_reg[5][28]/D  |
|                  | 1           | 12           | 13     | 1.500 | 10.000 | -0.046 | -      | 8.352          | 31.60 | 68.40  | sys_clk_pin  | sys_clk_pin       | r_reg_2_reg[1]/C        | r_register_reg[10][17]/D |
|                  | 1           | 13           | 13     | 1.428 | 10.000 | -0.295 | -      | 8.161          | 38.20 | 61.80  | sys_clk_pin  | sys_clk_pin       | r_register_reg[7][5]/C  | r_register_reg[6][28]/D  |
|                  | 1           | 12           | 13     | 1.520 | 10.000 | -0.287 | -      | 8.077          | 31.80 | 68.20  | sys_clk_pin  | sys_clk_pin       | r_register_reg[15][0]/C | r_register_reg[5][20]/D  |
|                  | 1           | 12           | 13     | 1.717 | 10.000 | -0.031 | -      | 8.135          | 32.70 | 67.30  | sys_clk_pin  | sys_clk_pin       | r_reg_2_reg[1]/C        | r_register_reg[3][19]/D  |
|                  | 1           | 13           | 13     | 1.279 | 10.000 | -0.299 | -      | 8.320          | 37.70 | 62.30  | sys_clk_pin  | sys_clk_pin       | r_register_reg[7][5]/C  | r_register_reg[9][30]/D  |
|                  | 1           | 13           | 13     | 1.286 | 10.000 | -0.295 | -      | 8.323          | 37.70 | 62.30  | sys_clk_pin  | sys_clk_pin       | r_register_reg[7][5]/C  | r_register_reg[0][30]/D  |
|                  | 1           | 12           | 13     | 1.694 | 10.000 | -0.047 | -      | 8.143          | 32.70 | 67.30  | sys_clk_pin  | sys_clk_pin       | r_reg_2_reg[1]/C        | r_register_reg[4][19]/D  |
|                  | 1           | 13           | 13     | 1.187 | 10.000 | -0.293 | -      | 8.427          | 37.00 | 63.00  | sys_clk_pin  | sys_clk_pin       | r_register_reg[7][5]/C  | r_register_reg[8][28]/D  |
|                  | 1           | 12           | 13     | 1.585 | 10.000 | -0.030 | -      | 8.282          | 32.20 | 67.80  | sys_clk_pin  | sys_clk_pin       | r_reg_2_reg[1]/C        | r_register_reg[5][19]/D  |
|                  | 1           | 12           | 13     | 1.403 | 10.000 | -0.286 | -      | 8.209          | 31.30 | 68.70  | sys_clk_pin  | sys_clk_pin       | r_register_reg[15][0]/C | r_register_reg[15][20]/D |
|                  | 1           | 12           | 13     | 1.585 | 10.000 | -0.291 | -      | 8.021          | 33.50 | 66.50  | sys_clk_pin  | sys_clk_pin       | r_register_reg[15][0]/C | r_register_reg[0][21]/D  |
|                  | 1           | 13           | 13     | 1.334 | 10.000 | -0.294 | -      | 8.279          | 37.60 | 62.40  | sys_clk_pin  | sys_clk_pin       | r_register_reg[7][5]/C  | r_register_reg[7][28]/D  |
|                  | 1           | 13           | 13     | 0.900 | 10.000 | -0.294 | -      | 8.743          | 35.60 | 64.40  | sys_clk_pin  | sys_clk_pin       | r_register_reg[7][5]/C  | r_register_reg[2][28]/D  |
|                  | 1           | 12           | 13     | 1.381 | 10.000 | -0.047 | -      | 8.470          | 31.20 | 68.80  | sys_clk_pin  | sys_clk_pin       | r_reg_2_reg[1]/C        | r_register_reg[15][17]/D |
|                  | 1           | 12           | 13     | 1.694 | 10.000 | -0.047 | -      | 8.143          | 32.70 | 67.30  | sys_clk_pin  | sys_clk_pin       | r_reg_2_reg[1]/C        | r_register_reg[4][19]/D  |
|                  | 1           | 12           | 13     | 1.431 | 10.000 | -0.287 | -      | 8.216          | 31.30 | 68.70  | sys_clk_pin  | sys_clk_pin       | r_register_reg[15][0]/C | r_register_reg[6][20]/D  |
|                  | 1           | 12           | 13     | 1.431 | 10.000 | -0.287 | -      | 8.216          | 31.30 | 68.70  | sys_clk_pin  | sys_clk_pin       | r_register_reg[15][0]/C | r_register_reg[6][20]/D  |
|                  | 1           | 12           | 13     | 1.351 | 10.000 | -0.047 | -      | 8.499          | 31.10 | 68.90  | sys_clk_pin  | sys_clk_pin       | r_reg_2_reg[1]/C        | r_register_reg[11][17]/D |
|                  | 1           | 12           | 13     | 1.250 | 10.000 | -0.031 | -      | 8.637          | 30.60 | 69.40  | sys_clk_pin  | sys_clk_pin       | r_reg_2_reg[1]/C        | r_register_reg[13][17]/D |
|                  | 1           | 13           | 13     | 1.334 | 10.000 | -0.294 | -      | 8.279          | 37.60 | 62.40  | sys_clk_pin  | sys_clk_pin       | r_register_reg[7][5]/C  | r_register_reg[7][28]/D  |
|                  | 1           | 13           | 13     | 1.193 | 10.000 | -0.296 | -      | 8.415          | 37.30 | 62.70  | sys_clk_pin  | sys_clk_pin       | r_register_reg[7][5]/C  | r_register_reg[10][30]/D |
|                  | 1           | 12           | 13     | 1.605 | 10.000 | -0.286 | -      | 8.007          | 32.10 | 67.90  | sys_clk_pin  | sys_clk_pin       | r_register_reg[15][0]/C | r_register_reg[8][20]/D  |
|                  | 1           | 12           | 13     | 1.500 | 10.000 | -0.046 | -      | 8.352          | 31.90 | 68.10  | sys_clk_pin  | sys_clk_pin       | r_reg_2_reg[1]/C        | r_register_reg[7][19]/D  |
|                  | 1           | 12           | 13     | 1.610 | 10.000 | -0.288 | -      | 8.021          | 32.10 | 67.90  | sys_clk_pin  | sys_clk_pin       | r_register_reg[15][0]/C | r_register_reg[3][20]/D  |
|                  | 1           | 12           | 13     | 1.445 | 10.000 | -0.046 | -      | 8.443          | 31.30 | 68.70  | sys_clk_pin  | sys_clk_pin       | r_reg_2_reg[1]/C        | r_register_reg[9][17]/D  |
|                  | 1           | 12           | 13     | 2.496 | 10.000 | -0.299 | -      | 7.198          | 38.50 | 61.50  | sys_clk_pin  | sys_clk_pin       | r_PC_reg[2]/C           | r_PC_reg[29]/D           |
|                  | 1           | 12           | 13     | 1.760 | 10.000 | -0.286 | -      | 7.860          | 32.70 | 67.30  | sys_clk_pin  | sys_clk_pin       | r_register_reg[15][0]/C | r_register_reg[7][20]/D  |
|                  | 1           | 12           | 13     | 1.556 | 10.000 | -0.047 | -      | 8.331          | 31.70 | 68.30  | sys_clk_pin  | sys_clk_pin       | r_reg_2_reg[1]/C        | r_register_reg[2][17]/D  |
|                  | 1           | 12           | 13     | 1.302 | 10.000 | -0.291 | -      | 8.304          | 32.30 | 67.70  | sys_clk_pin  | sys_clk_pin       | r_register_reg[15][0]/C | r_register_reg[10][21]/D |
|                  | 1           | 12           | 13     | 1.371 | 10.000 | -0.046 | -      | 8.481          | 31.20 | 68.80  | sys_clk_pin  | sys_clk_pin       | r_reg_2_reg[1]/C        | r_register_reg[14][17]/D |
|                  | 1           | 13           | 13     | 1.302 | 10.000 | -0.292 | -      | 8.323          | 37.40 | 62.60  | sys_clk_pin  | sys_clk_pin       | r_register_reg[7][5]/C  | r_register_reg[1][28]/D  |
|                  | 1           | 12           | 13     | 1.204 | 10.000 | -0.047 | -      | 8.646          | 30.60 | 69.40  | sys_clk_pin  | sys_clk_pin       | r_reg_2_reg[1]/C        | r_register_reg[7][17]/D  |
|                  | 1           | 12           | 13     | 1.626 | 10.000 | -0.287 | -      | 8.006          | 32.10 | 67.90  | sys_clk_pin  | sys_clk_pin       | r_register_reg[15][0]/C | r_register_reg[4][20]/D  |
|                  | 1           | 12           | 13     | 1.459 | 10.000 | -0.293 | -      | 8.181          | 32.80 | 67.20  | sys_clk_pin  | sys_clk_pin       | r_register_reg[15][0]/C | r_register_reg[12][21]/D |
|                  | 1           | 13           | 13     | 1.285 | 10.000 | -0.302 | -      | 8.350          | 37.60 | 62.40  | sys_clk_pin  | sys_clk_pin       | r_register_reg[7][5]/C  | r_register_reg[12][30]/D |
|                  | 1           | 13           | 13     | 1.428 | 10.000 | -0.295 | -      | 8.161          | 38.20 | 61.80  | sys_clk_pin  | sys_clk_pin       | r_register_reg[7][5]/C  | r_register_reg[6][28]/D  |
|                  | 1           | 12           | 13     | 1.621 | 10.000 | -0.030 | -      | 8.282          | 32.20 | 67.80  | sys_clk_pin  | sys_clk_pin       | r_reg_2_reg[1]/C        | r_register_reg[6][19]/D  |
|                  | 1           | 12           | 13     | 1.302 | 10.000 | -0.291 | -      | 8.304          | 32.30 | 67.70  | sys_clk_pin  | sys_clk_pin       | r_register_reg[15][0]/C | r_register_reg[10][21]/D |
|                  | 1           | 12           | 13     | 1.571 | 10.000 | -0.291 | -      | 8.021          | 33.50 | 66.50  | sys_clk_pin  | sys_clk_pin       | r_register_reg[15][0]/C | r_register_reg[9][21]/D  |
|                  | 1           | 12           | 13     | 1.571 | 10.000 | -0.291 | -      | 8.021          | 33.50 | 66.50  | sys_clk_pin  | sys_clk_pin       | r_register_reg[15][0]/C | r_register_reg[9][21]/D  |
|                  | 1           | 13           | 13     | 1.897 | 10.000 | -0.294 | -      | 7.805          | 39.90 | 60.10  | sys_clk_pin  | sys_clk_pin       | r_register_reg[7][5]/C  | r_register_reg[4][28]/D  |
|                  | 1           | 12           | 13     | 1.344 | 10.000 | -0.045 | -      | 8.509          | 31.10 | 68.90  | sys_clk_pin  | sys_clk_pin       | r_reg_2_reg[1]/C        | r_register_reg[1][17]/D  |
|                  | 1           | 13           | 13     | 1.474 | 10.000 | -0.295 | -      | 8.167          | 38.10 | 61.90  | sys_clk_pin  | sys_clk_pin       | r_register_reg[7][5]/C  | r_register_reg[3][28]/D  |
|                  | 1           | 12           | 13     | 1.610 | 10.000 | -0.288 | -      | 8.021          | 32.10 | 67.90  | sys_clk_pin  | sys_clk_pin       | r_register_reg[15][0]/C | r_register_reg[3][20]/D  |
|                  | 1           | 13           | 13     | 1.897 | 10.000 | -0.294 | -      | 7.805          | 39.90 | 60.10  | sys_clk_pin  | sys_clk_pin       | r_register_reg[7][5]/C  | r_register_reg[4][28]/D  |
+------------------+-------------+--------------+--------+-------+--------+--------+--------+----------------+-------+--------+--------------+-------------------+-------------------------+--------------------------+


